EDA Netlist Writer report for frequency_counter_assembly
Sun Jun 15 15:55:57 2025
Quartus Prime Version 24.1std.0 Build 1077 03/04/2025 SC Lite Edition


---------------------
; Table of Contents ;
---------------------
  1. Legal Notice
  2. EDA Netlist Writer Summary
  3. Simulation Settings
  4. Simulation Generated Files
  5. Board-Level Settings
  6. Board-Level Generated Files
  7. EDA Netlist Writer Messages



----------------
; Legal Notice ;
----------------
Copyright (C) 2025  Altera Corporation. All rights reserved.
Your use of Altera Corporation's design tools, logic functions 
and other software and tools, and any partner logic 
functions, and any output files from any of the foregoing 
(including device programming or simulation files), and any 
associated documentation or information are expressly subject 
to the terms and conditions of the Altera Program License 
Subscription Agreement, the Altera Quartus Prime License Agreement,
the Altera IP License Agreement, or other applicable license
agreement, including, without limitation, that your use is for
the sole purpose of programming logic devices manufactured by
Altera and sold by Altera or its authorized distributors.  Please
refer to the Altera Software License Subscription Agreements 
on the Quartus Prime software download page.



+-------------------------------------------------------------------------------+
; EDA Netlist Writer Summary                                                    ;
+---------------------------------------+---------------------------------------+
; EDA Netlist Writer Status             ; Successful - Sun Jun 15 15:55:57 2025 ;
; Revision Name                         ; frequency_counter_assembly            ;
; Top-level Entity Name                 ; top_level                             ;
; Family                                ; MAX 10                                ;
; Simulation Files Creation             ; Successful                            ;
; Board Signal Integrity Files Creation ; Successful                            ;
+---------------------------------------+---------------------------------------+


+---------------------------------------------------------------------------------------------------------------------------------+
; Simulation Settings                                                                                                             ;
+---------------------------------------------------------------------------------------------------+-----------------------------+
; Option                                                                                            ; Setting                     ;
+---------------------------------------------------------------------------------------------------+-----------------------------+
; Tool Name                                                                                         ; Questa Intel FPGA (Verilog) ;
; Generate functional simulation netlist                                                            ; On                          ;
; Truncate long hierarchy paths                                                                     ; Off                         ;
; Map illegal HDL characters                                                                        ; Off                         ;
; Flatten buses into individual nodes                                                               ; Off                         ;
; Maintain hierarchy                                                                                ; Off                         ;
; Bring out device-wide set/reset signals as ports                                                  ; Off                         ;
; Enable glitch filtering                                                                           ; Off                         ;
; Do not write top level VHDL entity                                                                ; Off                         ;
; Disable detection of setup and hold time violations in the input registers of bi-directional pins ; Off                         ;
; Architecture name in VHDL output netlist                                                          ; structure                   ;
; Generate third-party EDA tool command script for RTL functional simulation                        ; Off                         ;
; Generate third-party EDA tool command script for gate-level simulation                            ; Off                         ;
+---------------------------------------------------------------------------------------------------+-----------------------------+


+-----------------------------------------------------------------------------------------------------------------------------------+
; Simulation Generated Files                                                                                                        ;
+-----------------------------------------------------------------------------------------------------------------------------------+
; Generated Files                                                                                                                   ;
+-----------------------------------------------------------------------------------------------------------------------------------+
; /home/raditya/Documents/mySpace/Projects/Tugas Akhir/frequency-counter-TA/Verilog/simulation/questa/frequency_counter_assembly.vo ;
+-----------------------------------------------------------------------------------------------------------------------------------+


+-----------------------------------------+
; Board-Level Settings                    ;
+-------------------------------+---------+
; Option                        ; Setting ;
+-------------------------------+---------+
; Board Signal Integrity Format ; IBIS    ;
+-------------------------------+---------+


+---------------------------------------------------------------------------------------------------------------------------------+
; Board-Level Generated Files                                                                                                     ;
+---------------------------------------------------------------------------------------------------------------------------------+
; Generated Files                                                                                                                 ;
+---------------------------------------------------------------------------------------------------------------------------------+
; Board Signal Integrity                                                                                                          ;
;     /home/raditya/Documents/mySpace/Projects/Tugas Akhir/frequency-counter-TA/Verilog/board/ibis/frequency_counter_assembly.ibs ;
+---------------------------------------------------------------------------------------------------------------------------------+


+-----------------------------+
; EDA Netlist Writer Messages ;
+-----------------------------+
Info: *******************************************************************
Info: Running Quartus Prime EDA Netlist Writer
    Info: Version 24.1std.0 Build 1077 03/04/2025 SC Lite Edition
    Info: Processing started: Sun Jun 15 15:55:56 2025
Info: Command: quartus_eda --read_settings_files=off --write_settings_files=off frequency_counter_assembly -c frequency_counter_assembly
Warning (125092): Tcl Script File multiplier_module.qip not found
    Info (125063): set_global_assignment -name QIP_FILE multiplier_module.qip
Warning (18236): Number of processors has not been specified which may cause overloading on shared machines.  Set the global assignment NUM_PARALLEL_PROCESSORS in your QSF to an appropriate value for best performance.
Info (204019): Generated file frequency_counter_assembly.vo in folder "/home/raditya/Documents/mySpace/Projects/Tugas Akhir/frequency-counter-TA/Verilog/simulation/questa/" for EDA simulation tool
Warning (16097): Truncated pin name "10M50DAF484C7G_frequency_counter_assembly" in IBIS Output File to "10M50DAF484C7G_frequency_counter_assembl" to comply with IBIS 4.2 standard
Info (199050): Generated IBIS Output File /home/raditya/Documents/mySpace/Projects/Tugas Akhir/frequency-counter-TA/Verilog/board/ibis/frequency_counter_assembly.ibs for board level analysis
Info: Quartus Prime EDA Netlist Writer was successful. 0 errors, 3 warnings
    Info: Peak virtual memory: 887 megabytes
    Info: Processing ended: Sun Jun 15 15:55:57 2025
    Info: Elapsed time: 00:00:01
    Info: Total CPU time (on all processors): 00:00:01


